{"C:\\Users\\lyndz\\Downloads\\The GitHub CareTaker\\My-GitHub-CareTaker\\caretaker-js\\server\\src\\agents.ts": {"path":"C:\\Users\\lyndz\\Downloads\\The GitHub CareTaker\\My-GitHub-CareTaker\\caretaker-js\\server\\src\\agents.ts","statementMap":{"0":{"start":{"line":9,"column":0},"end":{"line":9,"column":16}},"1":{"start":{"line":3,"column":0},"end":{"line":3,"column":33}},"2":{"start":{"line":4,"column":0},"end":{"line":4,"column":35}},"3":{"start":{"line":5,"column":0},"end":{"line":5,"column":23}},"4":{"start":{"line":7,"column":21},"end":{"line":7,"column":114}},"5":{"start":{"line":10,"column":2},"end":{"line":16,"column":null}},"6":{"start":{"line":11,"column":41},"end":{"line":11,"column":49}},"7":{"start":{"line":12,"column":4},"end":{"line":12,"column":89}},"8":{"start":{"line":12,"column":31},"end":{"line":12,"column":88}},"9":{"start":{"line":13,"column":15},"end":{"line":13,"column":30}},"10":{"start":{"line":14,"column":4},"end":{"line":14,"column":null}},"11":{"start":{"line":15,"column":4},"end":{"line":15,"column":null}},"12":{"start":{"line":18,"column":2},"end":{"line":23,"column":null}},"13":{"start":{"line":19,"column":18},"end":{"line":19,"column":26}},"14":{"start":{"line":20,"column":21},"end":{"line":20,"column":47}},"15":{"start":{"line":21,"column":4},"end":{"line":21,"column":null}},"16":{"start":{"line":22,"column":4},"end":{"line":22,"column":null}},"17":{"start":{"line":25,"column":18},"end":{"line":25,"column":116}},"18":{"start":{"line":27,"column":19},"end":{"line":27,"column":53}},"19":{"start":{"line":28,"column":25},"end":{"line":28,"column":29}},"20":{"start":{"line":29,"column":4},"end":{"line":29,"column":93}},"21":{"start":{"line":29,"column":30},"end":{"line":29,"column":76}},"22":{"start":{"line":29,"column":77},"end":{"line":29,"column":91}},"23":{"start":{"line":29,"column":86},"end":{"line":29,"column":91}},"24":{"start":{"line":30,"column":4},"end":{"line":30,"column":null}},"25":{"start":{"line":35,"column":4},"end":{"line":51,"column":5}},"26":{"start":{"line":36,"column":19},"end":{"line":36,"column":35}},"27":{"start":{"line":37,"column":6},"end":{"line":45,"column":7}},"28":{"start":{"line":38,"column":18},"end":{"line":38,"column":34}},"29":{"start":{"line":39,"column":8},"end":{"line":44,"column":null}},"30":{"start":{"line":40,"column":10},"end":{"line":40,"column":null}},"31":{"start":{"line":41,"column":25},"end":{"line":41,"column":57}},"32":{"start":{"line":42,"column":10},"end":{"line":42,"column":84}},"33":{"start":{"line":42,"column":31},"end":{"line":42,"column":75}},"34":{"start":{"line":42,"column":76},"end":{"line":42,"column":82}},"35":{"start":{"line":43,"column":10},"end":{"line":43,"column":null}},"36":{"start":{"line":47,"column":6},"end":{"line":47,"column":null}},"37":{"start":{"line":50,"column":6},"end":{"line":50,"column":null}},"38":{"start":{"line":55,"column":2},"end":{"line":55,"column":null}},"39":{"start":{"line":57,"column":25},"end":{"line":60,"column":10}},"40":{"start":{"line":58,"column":18},"end":{"line":58,"column":60}},"41":{"start":{"line":59,"column":4},"end":{"line":59,"column":92}},"42":{"start":{"line":59,"column":22},"end":{"line":59,"column":91}},"43":{"start":{"line":63,"column":2},"end":{"line":63,"column":57}}},"fnMap":{"0":{"name":"agentRoutes","decl":{"start":{"line":9,"column":16},"end":{"line":9,"column":27}},"loc":{"start":{"line":9,"column":48},"end":{"line":64,"column":1}}},"1":{"name":"(anonymous_2)","decl":{"start":{"line":10,"column":35},"end":{"line":10,"column":40}},"loc":{"start":{"line":10,"column":70},"end":{"line":16,"column":3}}},"2":{"name":"(anonymous_3)","decl":{"start":{"line":18,"column":34},"end":{"line":18,"column":39}},"loc":{"start":{"line":18,"column":69},"end":{"line":23,"column":3}}},"3":{"name":"popQueue","decl":{"start":{"line":26,"column":17},"end":{"line":26,"column":25}},"loc":{"start":{"line":26,"column":25},"end":{"line":31,"column":3}}},"4":{"name":"processQueue","decl":{"start":{"line":34,"column":17},"end":{"line":34,"column":29}},"loc":{"start":{"line":34,"column":29},"end":{"line":52,"column":3}}},"5":{"name":"(anonymous_6)","decl":{"start":{"line":39,"column":31},"end":{"line":39,"column":36}},"loc":{"start":{"line":39,"column":41},"end":{"line":44,"column":9}}},"6":{"name":"(anonymous_7)","decl":{"start":{"line":57,"column":37},"end":{"line":57,"column":42}},"loc":{"start":{"line":57,"column":47},"end":{"line":60,"column":3}}}},"branchMap":{"0":{"loc":{"start":{"line":12,"column":4},"end":{"line":12,"column":89}},"type":"if","locations":[{"start":{"line":12,"column":4},"end":{"line":12,"column":89}}]},"1":{"loc":{"start":{"line":12,"column":7},"end":{"line":12,"column":28}},"type":"binary-expr","locations":[{"start":{"line":12,"column":7},"end":{"line":12,"column":12}},{"start":{"line":12,"column":16},"end":{"line":12,"column":28}}]},"2":{"loc":{"start":{"line":14,"column":48},"end":{"line":14,"column":69}},"type":"cond-expr","locations":[{"start":{"line":14,"column":56},"end":{"line":14,"column":64}},{"start":{"line":14,"column":67},"end":{"line":14,"column":69}}]},"3":{"loc":{"start":{"line":20,"column":21},"end":{"line":20,"column":47}},"type":"binary-expr","locations":[{"start":{"line":20,"column":21},"end":{"line":20,"column":35}},{"start":{"line":20,"column":39},"end":{"line":20,"column":47}}]},"4":{"loc":{"start":{"line":29,"column":77},"end":{"line":29,"column":91}},"type":"if","locations":[{"start":{"line":29,"column":77},"end":{"line":29,"column":91}}]},"5":{"loc":{"start":{"line":37,"column":6},"end":{"line":45,"column":7}},"type":"if","locations":[{"start":{"line":37,"column":6},"end":{"line":45,"column":7}}]},"6":{"loc":{"start":{"line":40,"column":31},"end":{"line":40,"column":55}},"type":"binary-expr","locations":[{"start":{"line":40,"column":31},"end":{"line":40,"column":39}},{"start":{"line":40,"column":43},"end":{"line":40,"column":55}}]},"7":{"loc":{"start":{"line":42,"column":10},"end":{"line":42,"column":84}},"type":"if","locations":[{"start":{"line":42,"column":10},"end":{"line":42,"column":84}}]},"8":{"loc":{"start":{"line":59,"column":4},"end":{"line":59,"column":92}},"type":"if","locations":[{"start":{"line":59,"column":4},"end":{"line":59,"column":92}}]}},"s":{"0":1,"1":1,"2":1,"3":1,"4":1,"5":1,"6":0,"7":0,"8":0,"9":0,"10":0,"11":0,"12":1,"13":0,"14":0,"15":0,"16":0,"17":1,"18":5,"19":5,"20":5,"21":20,"22":20,"23":0,"24":5,"25":5,"26":5,"27":5,"28":0,"29":0,"30":0,"31":0,"32":0,"33":0,"34":0,"35":0,"36":0,"37":5,"38":1,"39":1,"40":1,"41":1,"42":0,"43":1},"f":{"0":1,"1":0,"2":0,"3":5,"4":5,"5":0,"6":1},"b":{"0":[0],"1":[0,0],"2":[0,0],"3":[0,0],"4":[0],"5":[0],"6":[0,0],"7":[0],"8":[0]}}
,"C:\\Users\\lyndz\\Downloads\\The GitHub CareTaker\\My-GitHub-CareTaker\\caretaker-js\\server\\src\\index.ts": {"path":"C:\\Users\\lyndz\\Downloads\\The GitHub CareTaker\\My-GitHub-CareTaker\\caretaker-js\\server\\src\\index.ts","statementMap":{"0":{"start":{"line":1,"column":0},"end":{"line":1,"column":29}},"1":{"start":{"line":2,"column":0},"end":{"line":2,"column":23}},"2":{"start":{"line":3,"column":0},"end":{"line":3,"column":36}},"3":{"start":{"line":4,"column":0},"end":{"line":4,"column":27}},"4":{"start":{"line":5,"column":0},"end":{"line":5,"column":33}},"5":{"start":{"line":6,"column":0},"end":{"line":6,"column":33}},"6":{"start":{"line":7,"column":0},"end":{"line":7,"column":33}},"7":{"start":{"line":8,"column":0},"end":{"line":8,"column":51}},"8":{"start":{"line":9,"column":0},"end":{"line":9,"column":86}},"9":{"start":{"line":10,"column":0},"end":{"line":10,"column":46}},"10":{"start":{"line":11,"column":0},"end":{"line":11,"column":53}},"11":{"start":{"line":12,"column":0},"end":{"line":12,"column":64}},"12":{"start":{"line":13,"column":0},"end":{"line":13,"column":38}},"13":{"start":{"line":15,"column":12},"end":{"line":15,"column":21}},"14":{"start":{"line":67,"column":9},"end":{"line":67,"column":12}},"15":{"start":{"line":16,"column":0},"end":{"line":16,"column":null}},"16":{"start":{"line":17,"column":0},"end":{"line":17,"column":null}},"17":{"start":{"line":20,"column":14},"end":{"line":25,"column":2}},"18":{"start":{"line":22,"column":18},"end":{"line":22,"column":44}},"19":{"start":{"line":23,"column":4},"end":{"line":23,"column":17}},"20":{"start":{"line":67,"column":14},"end":{"line":67,"column":19}},"21":{"start":{"line":27,"column":0},"end":{"line":29,"column":null}},"22":{"start":{"line":28,"column":2},"end":{"line":28,"column":null}},"23":{"start":{"line":31,"column":0},"end":{"line":33,"column":null}},"24":{"start":{"line":32,"column":2},"end":{"line":32,"column":null}},"25":{"start":{"line":35,"column":11},"end":{"line":35,"column":35}},"26":{"start":{"line":67,"column":21},"end":{"line":67,"column":23}},"27":{"start":{"line":37,"column":0},"end":{"line":40,"column":null}},"28":{"start":{"line":38,"column":2},"end":{"line":39,"column":70}},"29":{"start":{"line":38,"column":21},"end":{"line":38,"column":38}},"30":{"start":{"line":38,"column":40},"end":{"line":38,"column":85}},"31":{"start":{"line":39,"column":12},"end":{"line":39,"column":69}},"32":{"start":{"line":42,"column":0},"end":{"line":45,"column":null}},"33":{"start":{"line":43,"column":15},"end":{"line":43,"column":62}},"34":{"start":{"line":44,"column":2},"end":{"line":44,"column":null}},"35":{"start":{"line":47,"column":0},"end":{"line":50,"column":null}},"36":{"start":{"line":48,"column":15},"end":{"line":48,"column":63}},"37":{"start":{"line":49,"column":2},"end":{"line":49,"column":null}},"38":{"start":{"line":52,"column":0},"end":{"line":56,"column":null}},"39":{"start":{"line":53,"column":19},"end":{"line":53,"column":35}},"40":{"start":{"line":54,"column":15},"end":{"line":54,"column":74}},"41":{"start":{"line":55,"column":2},"end":{"line":55,"column":null}},"42":{"start":{"line":58,"column":0},"end":{"line":63,"column":null}},"43":{"start":{"line":59,"column":21},"end":{"line":59,"column":29}},"44":{"start":{"line":60,"column":2},"end":{"line":60,"column":null}},"45":{"start":{"line":60,"column":14},"end":{"line":60,"column":null}},"46":{"start":{"line":61,"column":2},"end":{"line":61,"column":null}},"47":{"start":{"line":62,"column":2},"end":{"line":62,"column":null}},"48":{"start":{"line":64,"column":0},"end":{"line":64,"column":null}},"49":{"start":{"line":65,"column":42},"end":{"line":65,"column":65}},"50":{"start":{"line":67,"column":25},"end":{"line":67,"column":38}},"51":{"start":{"line":67,"column":40},"end":{"line":67,"column":54}},"52":{"start":{"line":69,"column":0},"end":{"line":71,"column":1}},"53":{"start":{"line":70,"column":2},"end":{"line":70,"column":null}},"54":{"start":{"line":70,"column":31},"end":{"line":70,"column":83}}},"fnMap":{"0":{"name":"(anonymous_1)","decl":{"start":{"line":21,"column":17},"end":{"line":21,"column":18}},"loc":{"start":{"line":21,"column":27},"end":{"line":24,"column":3}}},"1":{"name":"(anonymous_2)","decl":{"start":{"line":27,"column":18},"end":{"line":27,"column":19}},"loc":{"start":{"line":27,"column":26},"end":{"line":29,"column":1}}},"2":{"name":"(anonymous_3)","decl":{"start":{"line":31,"column":20},"end":{"line":31,"column":23}},"loc":{"start":{"line":31,"column":25},"end":{"line":33,"column":1}}},"3":{"name":"(anonymous_4)","decl":{"start":{"line":37,"column":30},"end":{"line":37,"column":35}},"loc":{"start":{"line":37,"column":49},"end":{"line":40,"column":1}}},"4":{"name":"(anonymous_5)","decl":{"start":{"line":42,"column":37},"end":{"line":42,"column":42}},"loc":{"start":{"line":42,"column":56},"end":{"line":45,"column":1}}},"5":{"name":"(anonymous_6)","decl":{"start":{"line":47,"column":32},"end":{"line":47,"column":37}},"loc":{"start":{"line":47,"column":51},"end":{"line":50,"column":1}}},"6":{"name":"(anonymous_7)","decl":{"start":{"line":52,"column":40},"end":{"line":52,"column":45}},"loc":{"start":{"line":52,"column":58},"end":{"line":56,"column":1}}},"7":{"name":"(anonymous_8)","decl":{"start":{"line":58,"column":33},"end":{"line":58,"column":38}},"loc":{"start":{"line":58,"column":51},"end":{"line":63,"column":1}}},"8":{"name":"(anonymous_9)","decl":{"start":{"line":70,"column":26},"end":{"line":70,"column":28}},"loc":{"start":{"line":70,"column":31},"end":{"line":70,"column":83}}}},"branchMap":{"0":{"loc":{"start":{"line":60,"column":2},"end":{"line":60,"column":null}},"type":"if","locations":[{"start":{"line":60,"column":2},"end":{"line":60,"column":null}}]},"1":{"loc":{"start":{"line":69,"column":0},"end":{"line":71,"column":1}},"type":"if","locations":[{"start":{"line":69,"column":0},"end":{"line":71,"column":1}}]}},"s":{"0":1,"1":1,"2":1,"3":1,"4":1,"5":1,"6":1,"7":1,"8":1,"9":1,"10":1,"11":1,"12":1,"13":1,"14":1,"15":1,"16":1,"17":1,"18":0,"19":0,"20":1,"21":1,"22":0,"23":1,"24":1,"25":1,"26":1,"27":1,"28":1,"29":1,"30":1,"31":0,"32":1,"33":1,"34":1,"35":1,"36":1,"37":1,"38":1,"39":1,"40":1,"41":1,"42":1,"43":2,"44":2,"45":1,"46":1,"47":1,"48":1,"49":1,"50":1,"51":1,"52":1,"53":0,"54":0},"f":{"0":0,"1":0,"2":1,"3":1,"4":1,"5":1,"6":1,"7":2,"8":0},"b":{"0":[1],"1":[0]}}
,"C:\\Users\\lyndz\\Downloads\\The GitHub CareTaker\\My-GitHub-CareTaker\\caretaker-js\\server\\src\\logger.ts": {"path":"C:\\Users\\lyndz\\Downloads\\The GitHub CareTaker\\My-GitHub-CareTaker\\caretaker-js\\server\\src\\logger.ts","statementMap":{"0":{"start":{"line":1,"column":0},"end":{"line":1,"column":23}},"1":{"start":{"line":2,"column":13},"end":{"line":2,"column":null}}},"fnMap":{},"branchMap":{"0":{"loc":{"start":{"line":2,"column":36},"end":{"line":2,"column":67}},"type":"binary-expr","locations":[{"start":{"line":2,"column":36},"end":{"line":2,"column":57}},{"start":{"line":2,"column":61},"end":{"line":2,"column":67}}]}},"s":{"0":2,"1":2},"f":{},"b":{"0":[2,2]}}
,"C:\\Users\\lyndz\\Downloads\\The GitHub CareTaker\\My-GitHub-CareTaker\\caretaker-js\\server\\src\\middleware\\signature.ts": {"path":"C:\\Users\\lyndz\\Downloads\\The GitHub CareTaker\\My-GitHub-CareTaker\\caretaker-js\\server\\src\\middleware\\signature.ts","statementMap":{"0":{"start":{"line":6,"column":0},"end":{"line":6,"column":16}},"1":{"start":{"line":10,"column":0},"end":{"line":10,"column":16}},"2":{"start":{"line":41,"column":0},"end":{"line":41,"column":7}},"3":{"start":{"line":1,"column":0},"end":{"line":1,"column":27}},"4":{"start":{"line":4,"column":0},"end":{"line":4,"column":34}},"5":{"start":{"line":7,"column":2},"end":{"line":7,"column":null}},"6":{"start":{"line":7,"column":54},"end":{"line":7,"column":72}},"7":{"start":{"line":11,"column":2},"end":{"line":38,"column":null}},"8":{"start":{"line":12,"column":4},"end":{"line":37,"column":5}},"9":{"start":{"line":13,"column":18},"end":{"line":13,"column":62}},"10":{"start":{"line":14,"column":6},"end":{"line":17,"column":7}},"11":{"start":{"line":15,"column":8},"end":{"line":15,"column":null}},"12":{"start":{"line":16,"column":8},"end":{"line":16,"column":null}},"13":{"start":{"line":18,"column":19},"end":{"line":18,"column":44}},"14":{"start":{"line":19,"column":22},"end":{"line":19,"column":66}},"15":{"start":{"line":20,"column":16},"end":{"line":20,"column":21}},"16":{"start":{"line":21,"column":6},"end":{"line":24,"column":7}},"17":{"start":{"line":22,"column":21},"end":{"line":22,"column":104}},"18":{"start":{"line":23,"column":8},"end":{"line":23,"column":93}},"19":{"start":{"line":23,"column":74},"end":{"line":23,"column":85}},"20":{"start":{"line":23,"column":86},"end":{"line":23,"column":91}},"21":{"start":{"line":25,"column":6},"end":{"line":28,"column":7}},"22":{"start":{"line":26,"column":8},"end":{"line":26,"column":null}},"23":{"start":{"line":27,"column":8},"end":{"line":27,"column":null}},"24":{"start":{"line":29,"column":24},"end":{"line":29,"column":40}},"25":{"start":{"line":30,"column":21},"end":{"line":30,"column":47}},"26":{"start":{"line":31,"column":6},"end":{"line":31,"column":133}},"27":{"start":{"line":31,"column":18},"end":{"line":31,"column":82}},"28":{"start":{"line":31,"column":83},"end":{"line":31,"column":132}},"29":{"start":{"line":32,"column":6},"end":{"line":32,"column":null}},"30":{"start":{"line":33,"column":6},"end":{"line":33,"column":null}},"31":{"start":{"line":35,"column":6},"end":{"line":35,"column":null}},"32":{"start":{"line":36,"column":6},"end":{"line":36,"column":null}},"33":{"start":{"line":42,"column":2},"end":{"line":42,"column":null}},"34":{"start":{"line":43,"column":14},"end":{"line":43,"column":49}},"35":{"start":{"line":44,"column":2},"end":{"line":44,"column":59}},"36":{"start":{"line":44,"column":14},"end":{"line":44,"column":58}},"37":{"start":{"line":45,"column":2},"end":{"line":45,"column":null}}},"fnMap":{"0":{"name":"rawBodyCapture","decl":{"start":{"line":6,"column":16},"end":{"line":6,"column":30}},"loc":{"start":{"line":6,"column":30},"end":{"line":8,"column":1}}},"1":{"name":"(anonymous_2)","decl":{"start":{"line":7,"column":9},"end":{"line":7,"column":10}},"loc":{"start":{"line":7,"column":51},"end":{"line":7,"column":73}}},"2":{"name":"verifySignature","decl":{"start":{"line":10,"column":16},"end":{"line":10,"column":31}},"loc":{"start":{"line":10,"column":44},"end":{"line":39,"column":1}}},"3":{"name":"(anonymous_4)","decl":{"start":{"line":11,"column":9},"end":{"line":11,"column":14}},"loc":{"start":{"line":11,"column":63},"end":{"line":38,"column":3}}},"4":{"name":"rotateSecret","decl":{"start":{"line":41,"column":22},"end":{"line":41,"column":34}},"loc":{"start":{"line":41,"column":66},"end":{"line":46,"column":1}}}},"branchMap":{"0":{"loc":{"start":{"line":14,"column":6},"end":{"line":17,"column":7}},"type":"if","locations":[{"start":{"line":14,"column":6},"end":{"line":17,"column":7}}]},"1":{"loc":{"start":{"line":14,"column":9},"end":{"line":14,"column":43}},"type":"binary-expr","locations":[{"start":{"line":14,"column":9},"end":{"line":14,"column":13}},{"start":{"line":14,"column":17},"end":{"line":14,"column":43}}]},"2":{"loc":{"start":{"line":22,"column":59},"end":{"line":22,"column":89}},"type":"binary-expr","locations":[{"start":{"line":22,"column":59},"end":{"line":22,"column":70}},{"start":{"line":22,"column":74},"end":{"line":22,"column":89}}]},"3":{"loc":{"start":{"line":23,"column":8},"end":{"line":23,"column":93}},"type":"if","locations":[{"start":{"line":23,"column":8},"end":{"line":23,"column":93}}]},"4":{"loc":{"start":{"line":25,"column":6},"end":{"line":28,"column":7}},"type":"if","locations":[{"start":{"line":25,"column":6},"end":{"line":28,"column":7}}]},"5":{"loc":{"start":{"line":26,"column":95},"end":{"line":26,"column":110}},"type":"binary-expr","locations":[{"start":{"line":26,"column":95},"end":{"line":26,"column":106}},{"start":{"line":26,"column":108},"end":{"line":26,"column":110}}]},"6":{"loc":{"start":{"line":31,"column":6},"end":{"line":31,"column":133}},"type":"if","locations":[{"start":{"line":31,"column":6},"end":{"line":31,"column":133}}]},"7":{"loc":{"start":{"line":44,"column":2},"end":{"line":44,"column":59}},"type":"if","locations":[{"start":{"line":44,"column":2},"end":{"line":44,"column":59}}]}},"s":{"0":2,"1":2,"2":2,"3":2,"4":2,"5":1,"6":2,"7":5,"8":4,"9":4,"10":4,"11":0,"12":0,"13":4,"14":4,"15":4,"16":4,"17":5,"18":5,"19":3,"20":3,"21":4,"22":1,"23":1,"24":3,"25":3,"26":3,"27":2,"28":2,"29":1,"30":1,"31":0,"32":0,"33":1,"34":1,"35":1,"36":0,"37":1},"f":{"0":1,"1":2,"2":5,"3":4,"4":1},"b":{"0":[0],"1":[4,4],"2":[5,0],"3":[3],"4":[1],"5":[1,0],"6":[2],"7":[0]}}
,"C:\\Users\\lyndz\\Downloads\\The GitHub CareTaker\\My-GitHub-CareTaker\\caretaker-js\\server\\src\\plugins\\content_similarity.ts": {"path":"C:\\Users\\lyndz\\Downloads\\The GitHub CareTaker\\My-GitHub-CareTaker\\caretaker-js\\server\\src\\plugins\\content_similarity.ts","statementMap":{"0":{"start":{"line":7,"column":0},"end":{"line":7,"column":7}},"1":{"start":{"line":2,"column":0},"end":{"line":2,"column":30}},"2":{"start":{"line":4,"column":29},"end":{"line":4,"column":94}},"3":{"start":{"line":5,"column":56},"end":{"line":5,"column":89}},"4":{"start":{"line":5,"column":73},"end":{"line":5,"column":81}},"5":{"start":{"line":5,"column":101},"end":{"line":5,"column":127}},"6":{"start":{"line":5,"column":129},"end":{"line":5,"column":147}},"7":{"start":{"line":8,"column":19},"end":{"line":8,"column":59}},"8":{"start":{"line":9,"column":17},"end":{"line":9,"column":42}},"9":{"start":{"line":9,"column":44},"end":{"line":9,"column":null}},"10":{"start":{"line":9,"column":55},"end":{"line":9,"column":null}},"11":{"start":{"line":11,"column":21},"end":{"line":11,"column":171}},"12":{"start":{"line":12,"column":21},"end":{"line":12,"column":42}},"13":{"start":{"line":13,"column":18},"end":{"line":13,"column":105}},"14":{"start":{"line":13,"column":51},"end":{"line":13,"column":104}},"15":{"start":{"line":14,"column":23},"end":{"line":14,"column":92}},"16":{"start":{"line":14,"column":55},"end":{"line":14,"column":91}},"17":{"start":{"line":15,"column":27},"end":{"line":15,"column":29}},"18":{"start":{"line":16,"column":4},"end":{"line":20,"column":5}},"19":{"start":{"line":17,"column":16},"end":{"line":17,"column":187}},"20":{"start":{"line":18,"column":21},"end":{"line":18,"column":35}},"21":{"start":{"line":19,"column":6},"end":{"line":19,"column":94}},"22":{"start":{"line":19,"column":28},"end":{"line":19,"column":93}},"23":{"start":{"line":21,"column":4},"end":{"line":21,"column":null}},"24":{"start":{"line":23,"column":16},"end":{"line":23,"column":65}},"25":{"start":{"line":24,"column":13},"end":{"line":24,"column":33}},"26":{"start":{"line":24,"column":46},"end":{"line":24,"column":66}},"27":{"start":{"line":25,"column":16},"end":{"line":25,"column":30}},"28":{"start":{"line":26,"column":17},"end":{"line":26,"column":64}},"29":{"start":{"line":27,"column":2},"end":{"line":27,"column":null}},"30":{"start":{"line":28,"column":2},"end":{"line":28,"column":null}}},"fnMap":{"0":{"name":"tokenize","decl":{"start":{"line":4,"column":9},"end":{"line":4,"column":17}},"loc":{"start":{"line":4,"column":26},"end":{"line":4,"column":95}}},"1":{"name":"jaccard","decl":{"start":{"line":5,"column":9},"end":{"line":5,"column":16}},"loc":{"start":{"line":5,"column":45},"end":{"line":5,"column":148}}},"2":{"name":"(anonymous_3)","decl":{"start":{"line":5,"column":70},"end":{"line":5,"column":71}},"loc":{"start":{"line":5,"column":73},"end":{"line":5,"column":81}}},"3":{"name":"contentSimilarity","decl":{"start":{"line":7,"column":22},"end":{"line":7,"column":39}},"loc":{"start":{"line":7,"column":109},"end":{"line":29,"column":1}}},"4":{"name":"sample","decl":{"start":{"line":10,"column":17},"end":{"line":10,"column":23}},"loc":{"start":{"line":10,"column":35},"end":{"line":22,"column":3}}},"5":{"name":"(anonymous_6)","decl":{"start":{"line":13,"column":41},"end":{"line":13,"column":42}},"loc":{"start":{"line":13,"column":51},"end":{"line":13,"column":104}}},"6":{"name":"(anonymous_7)","decl":{"start":{"line":14,"column":36},"end":{"line":14,"column":37}},"loc":{"start":{"line":14,"column":55},"end":{"line":14,"column":91}}}},"branchMap":{"0":{"loc":{"start":{"line":4,"column":37},"end":{"line":4,"column":42}},"type":"binary-expr","locations":[{"start":{"line":4,"column":37},"end":{"line":4,"column":38}},{"start":{"line":4,"column":40},"end":{"line":4,"column":42}}]},"1":{"loc":{"start":{"line":5,"column":136},"end":{"line":5,"column":146}},"type":"cond-expr","locations":[{"start":{"line":5,"column":139},"end":{"line":5,"column":142}},{"start":{"line":5,"column":145},"end":{"line":5,"column":146}}]},"2":{"loc":{"start":{"line":7,"column":82},"end":{"line":7,"column":96}},"type":"default-arg","locations":[{"start":{"line":7,"column":92},"end":{"line":7,"column":96}}]},"3":{"loc":{"start":{"line":9,"column":44},"end":{"line":9,"column":null}},"type":"if","locations":[{"start":{"line":9,"column":44},"end":{"line":9,"column":null}}]},"4":{"loc":{"start":{"line":13,"column":19},"end":{"line":13,"column":32}},"type":"binary-expr","locations":[{"start":{"line":13,"column":19},"end":{"line":13,"column":28}},{"start":{"line":13,"column":30},"end":{"line":13,"column":32}}]},"5":{"loc":{"start":{"line":13,"column":51},"end":{"line":13,"column":104}},"type":"binary-expr","locations":[{"start":{"line":13,"column":51},"end":{"line":13,"column":66}},{"start":{"line":13,"column":70},"end":{"line":13,"column":104}}]},"6":{"loc":{"start":{"line":19,"column":6},"end":{"line":19,"column":94}},"type":"if","locations":[{"start":{"line":19,"column":6},"end":{"line":19,"column":94}}]},"7":{"loc":{"start":{"line":19,"column":9},"end":{"line":19,"column":25}},"type":"binary-expr","locations":[{"start":{"line":19,"column":9},"end":{"line":19,"column":11}},{"start":{"line":19,"column":15},"end":{"line":19,"column":25}}]}},"s":{"0":1,"1":1,"2":2,"3":1,"4":0,"5":1,"6":1,"7":1,"8":1,"9":1,"10":0,"11":2,"12":2,"13":2,"14":0,"15":2,"16":0,"17":2,"18":2,"19":0,"20":0,"21":0,"22":0,"23":2,"24":1,"25":1,"26":1,"27":1,"28":1,"29":1,"30":1},"f":{"0":2,"1":1,"2":0,"3":1,"4":2,"5":0,"6":0},"b":{"0":[2,2],"1":[0,1],"2":[0],"3":[0],"4":[2,2],"5":[0,0],"6":[0],"7":[0,0]}}
,"C:\\Users\\lyndz\\Downloads\\The GitHub CareTaker\\My-GitHub-CareTaker\\caretaker-js\\server\\src\\plugins\\duplicates.ts": {"path":"C:\\Users\\lyndz\\Downloads\\The GitHub CareTaker\\My-GitHub-CareTaker\\caretaker-js\\server\\src\\plugins\\duplicates.ts","statementMap":{"0":{"start":{"line":14,"column":0},"end":{"line":14,"column":7}},"1":{"start":{"line":4,"column":25},"end":{"line":4,"column":79}},"2":{"start":{"line":6,"column":11},"end":{"line":6,"column":18}},"3":{"start":{"line":6,"column":23},"end":{"line":6,"column":30}},"4":{"start":{"line":7,"column":12},"end":{"line":7,"column":13}},"5":{"start":{"line":8,"column":12},"end":{"line":8,"column":42}},"6":{"start":{"line":9,"column":2},"end":{"line":9,"column":null}},"7":{"start":{"line":9,"column":14},"end":{"line":9,"column":null}},"8":{"start":{"line":10,"column":2},"end":{"line":10,"column":80}},"9":{"start":{"line":10,"column":12},"end":{"line":10,"column":13}},"10":{"start":{"line":10,"column":53},"end":{"line":10,"column":79}},"11":{"start":{"line":10,"column":71},"end":{"line":10,"column":79}},"12":{"start":{"line":11,"column":2},"end":{"line":11,"column":null}},"13":{"start":{"line":15,"column":19},"end":{"line":15,"column":37}},"14":{"start":{"line":16,"column":17},"end":{"line":16,"column":42}},"15":{"start":{"line":17,"column":2},"end":{"line":17,"column":null}},"16":{"start":{"line":17,"column":13},"end":{"line":17,"column":null}},"17":{"start":{"line":18,"column":16},"end":{"line":18,"column":46}},"18":{"start":{"line":19,"column":20},"end":{"line":19,"column":22}},"19":{"start":{"line":20,"column":2},"end":{"line":30,"column":3}},"20":{"start":{"line":20,"column":12},"end":{"line":20,"column":13}},"21":{"start":{"line":21,"column":4},"end":{"line":29,"column":5}},"22":{"start":{"line":21,"column":14},"end":{"line":21,"column":17}},"23":{"start":{"line":22,"column":14},"end":{"line":22,"column":22}},"24":{"start":{"line":22,"column":26},"end":{"line":22,"column":34}},"25":{"start":{"line":23,"column":22},"end":{"line":23,"column":40}},"26":{"start":{"line":24,"column":22},"end":{"line":24,"column":63}},"27":{"start":{"line":25,"column":25},"end":{"line":25,"column":112}},"28":{"start":{"line":26,"column":28},"end":{"line":26,"column":49}},"29":{"start":{"line":27,"column":20},"end":{"line":27,"column":61}},"30":{"start":{"line":28,"column":6},"end":{"line":28,"column":64}},"31":{"start":{"line":28,"column":21},"end":{"line":28,"column":63}},"32":{"start":{"line":31,"column":2},"end":{"line":31,"column":null}},"33":{"start":{"line":32,"column":2},"end":{"line":32,"column":null}}},"fnMap":{"0":{"name":"norm","decl":{"start":{"line":4,"column":9},"end":{"line":4,"column":13}},"loc":{"start":{"line":4,"column":22},"end":{"line":4,"column":80}}},"1":{"name":"sim","decl":{"start":{"line":5,"column":9},"end":{"line":5,"column":12}},"loc":{"start":{"line":5,"column":30},"end":{"line":12,"column":1}}},"2":{"name":"findDuplicates","decl":{"start":{"line":14,"column":22},"end":{"line":14,"column":36}},"loc":{"start":{"line":14,"column":76},"end":{"line":33,"column":1}}}},"branchMap":{"0":{"loc":{"start":{"line":4,"column":33},"end":{"line":4,"column":38}},"type":"binary-expr","locations":[{"start":{"line":4,"column":33},"end":{"line":4,"column":34}},{"start":{"line":4,"column":36},"end":{"line":4,"column":38}}]},"1":{"loc":{"start":{"line":9,"column":2},"end":{"line":9,"column":null}},"type":"if","locations":[{"start":{"line":9,"column":2},"end":{"line":9,"column":null}}]},"2":{"loc":{"start":{"line":10,"column":53},"end":{"line":10,"column":79}},"type":"if","locations":[{"start":{"line":10,"column":53},"end":{"line":10,"column":79}}]},"3":{"loc":{"start":{"line":17,"column":2},"end":{"line":17,"column":null}},"type":"if","locations":[{"start":{"line":17,"column":2},"end":{"line":17,"column":null}}]},"4":{"loc":{"start":{"line":24,"column":26},"end":{"line":24,"column":43}},"type":"binary-expr","locations":[{"start":{"line":24,"column":26},"end":{"line":24,"column":39}},{"start":{"line":24,"column":41},"end":{"line":24,"column":43}}]},"5":{"loc":{"start":{"line":24,"column":45},"end":{"line":24,"column":62}},"type":"binary-expr","locations":[{"start":{"line":24,"column":45},"end":{"line":24,"column":58}},{"start":{"line":24,"column":60},"end":{"line":24,"column":62}}]},"6":{"loc":{"start":{"line":26,"column":28},"end":{"line":26,"column":49}},"type":"cond-expr","locations":[{"start":{"line":26,"column":44},"end":{"line":26,"column":47}},{"start":{"line":26,"column":48},"end":{"line":26,"column":49}}]},"7":{"loc":{"start":{"line":28,"column":6},"end":{"line":28,"column":64}},"type":"if","locations":[{"start":{"line":28,"column":6},"end":{"line":28,"column":64}}]}},"s":{"0":2,"1":8,"2":4,"3":4,"4":4,"5":4,"6":4,"7":1,"8":3,"9":3,"10":20,"11":19,"12":3,"13":2,"14":2,"15":2,"16":0,"17":2,"18":2,"19":2,"20":2,"21":4,"22":4,"23":2,"24":2,"25":2,"26":2,"27":2,"28":2,"29":2,"30":2,"31":2,"32":2,"33":2},"f":{"0":8,"1":4,"2":2},"b":{"0":[8,2],"1":[1],"2":[19],"3":[0],"4":[2,1],"5":[2,1],"6":[2,0],"7":[2]}}
,"C:\\Users\\lyndz\\Downloads\\The GitHub CareTaker\\My-GitHub-CareTaker\\caretaker-js\\server\\src\\plugins\\pins.ts": {"path":"C:\\Users\\lyndz\\Downloads\\The GitHub CareTaker\\My-GitHub-CareTaker\\caretaker-js\\server\\src\\plugins\\pins.ts","statementMap":{"0":{"start":{"line":6,"column":0},"end":{"line":6,"column":7}},"1":{"start":{"line":7,"column":19},"end":{"line":7,"column":37}},"2":{"start":{"line":8,"column":17},"end":{"line":8,"column":42}},"3":{"start":{"line":9,"column":2},"end":{"line":9,"column":null}},"4":{"start":{"line":9,"column":13},"end":{"line":9,"column":null}},"5":{"start":{"line":10,"column":23},"end":{"line":10,"column":53}},"6":{"start":{"line":11,"column":14},"end":{"line":11,"column":24}},"7":{"start":{"line":12,"column":17},"end":{"line":21,"column":4}},"8":{"start":{"line":13,"column":20},"end":{"line":13,"column":65}},"9":{"start":{"line":14,"column":17},"end":{"line":14,"column":63}},"10":{"start":{"line":15,"column":20},"end":{"line":15,"column":29}},"11":{"start":{"line":16,"column":18},"end":{"line":16,"column":55}},"12":{"start":{"line":17,"column":18},"end":{"line":17,"column":50}},"13":{"start":{"line":18,"column":22},"end":{"line":18,"column":86}},"14":{"start":{"line":19,"column":18},"end":{"line":19,"column":53}},"15":{"start":{"line":20,"column":4},"end":{"line":20,"column":null}},"16":{"start":{"line":22,"column":14},"end":{"line":22,"column":63}},"17":{"start":{"line":22,"column":34},"end":{"line":22,"column":51}},"18":{"start":{"line":23,"column":2},"end":{"line":23,"column":null}},"19":{"start":{"line":24,"column":2},"end":{"line":24,"column":null}}},"fnMap":{"0":{"name":"recommendPins","decl":{"start":{"line":6,"column":22},"end":{"line":6,"column":35}},"loc":{"start":{"line":6,"column":75},"end":{"line":25,"column":1}}},"1":{"name":"(anonymous_1)","decl":{"start":{"line":12,"column":27},"end":{"line":12,"column":28}},"loc":{"start":{"line":12,"column":30},"end":{"line":21,"column":3}}},"2":{"name":"(anonymous_2)","decl":{"start":{"line":22,"column":26},"end":{"line":22,"column":27}},"loc":{"start":{"line":22,"column":34},"end":{"line":22,"column":51}}}},"branchMap":{"0":{"loc":{"start":{"line":9,"column":2},"end":{"line":9,"column":null}},"type":"if","locations":[{"start":{"line":9,"column":2},"end":{"line":9,"column":null}}]},"1":{"loc":{"start":{"line":13,"column":29},"end":{"line":13,"column":54}},"type":"binary-expr","locations":[{"start":{"line":13,"column":29},"end":{"line":13,"column":39}},{"start":{"line":13,"column":43},"end":{"line":13,"column":54}}]},"2":{"loc":{"start":{"line":18,"column":22},"end":{"line":18,"column":86}},"type":"cond-expr","locations":[{"start":{"line":18,"column":82},"end":{"line":18,"column":84}},{"start":{"line":18,"column":85},"end":{"line":18,"column":86}}]},"3":{"loc":{"start":{"line":18,"column":61},"end":{"line":18,"column":78}},"type":"binary-expr","locations":[{"start":{"line":18,"column":61},"end":{"line":18,"column":74}},{"start":{"line":18,"column":76},"end":{"line":18,"column":78}}]}},"s":{"0":2,"1":2,"2":2,"3":2,"4":0,"5":2,"6":2,"7":2,"8":12,"9":12,"10":12,"11":12,"12":12,"13":12,"14":12,"15":12,"16":2,"17":10,"18":2,"19":2},"f":{"0":2,"1":12,"2":10},"b":{"0":[0],"1":[12,0],"2":[10,2],"3":[12,0]}}
,"C:\\Users\\lyndz\\Downloads\\The GitHub CareTaker\\My-GitHub-CareTaker\\caretaker-js\\server\\src\\plugins\\security.ts": {"path":"C:\\Users\\lyndz\\Downloads\\The GitHub CareTaker\\My-GitHub-CareTaker\\caretaker-js\\server\\src\\plugins\\security.ts","statementMap":{"0":{"start":{"line":6,"column":0},"end":{"line":6,"column":16}},"1":{"start":{"line":3,"column":0},"end":{"line":3,"column":34}},"2":{"start":{"line":7,"column":2},"end":{"line":22,"column":null}},"3":{"start":{"line":8,"column":18},"end":{"line":8,"column":26}},"4":{"start":{"line":9,"column":21},"end":{"line":9,"column":55}},"5":{"start":{"line":10,"column":26},"end":{"line":10,"column":45}},"6":{"start":{"line":11,"column":21},"end":{"line":11,"column":75}},"7":{"start":{"line":12,"column":23},"end":{"line":12,"column":76}},"8":{"start":{"line":13,"column":16},"end":{"line":13,"column":61}},"9":{"start":{"line":14,"column":21},"end":{"line":14,"column":71}},"10":{"start":{"line":15,"column":4},"end":{"line":15,"column":null}},"11":{"start":{"line":16,"column":4},"end":{"line":20,"column":39}},"12":{"start":{"line":17,"column":20},"end":{"line":17,"column":83}},"13":{"start":{"line":18,"column":19},"end":{"line":18,"column":87}},"14":{"start":{"line":19,"column":6},"end":{"line":19,"column":null}},"15":{"start":{"line":20,"column":15},"end":{"line":20,"column":38}},"16":{"start":{"line":21,"column":4},"end":{"line":21,"column":null}},"17":{"start":{"line":23,"column":2},"end":{"line":27,"column":null}},"18":{"start":{"line":24,"column":14},"end":{"line":24,"column":53}},"19":{"start":{"line":25,"column":18},"end":{"line":25,"column":56}},"20":{"start":{"line":25,"column":42},"end":{"line":25,"column":55}},"21":{"start":{"line":26,"column":4},"end":{"line":26,"column":null}}},"fnMap":{"0":{"name":"securityRoutes","decl":{"start":{"line":6,"column":16},"end":{"line":6,"column":30}},"loc":{"start":{"line":6,"column":74},"end":{"line":28,"column":1}}},"1":{"name":"(anonymous_1)","decl":{"start":{"line":7,"column":44},"end":{"line":7,"column":49}},"loc":{"start":{"line":7,"column":79},"end":{"line":22,"column":3}}},"2":{"name":"(anonymous_2)","decl":{"start":{"line":23,"column":35},"end":{"line":23,"column":40}},"loc":{"start":{"line":23,"column":71},"end":{"line":27,"column":3}}},"3":{"name":"(anonymous_3)","decl":{"start":{"line":25,"column":39},"end":{"line":25,"column":40}},"loc":{"start":{"line":25,"column":42},"end":{"line":25,"column":55}}}},"branchMap":{"0":{"loc":{"start":{"line":9,"column":21},"end":{"line":9,"column":55}},"type":"binary-expr","locations":[{"start":{"line":9,"column":21},"end":{"line":9,"column":49}},{"start":{"line":9,"column":53},"end":{"line":9,"column":55}}]},"1":{"loc":{"start":{"line":11,"column":21},"end":{"line":11,"column":75}},"type":"binary-expr","locations":[{"start":{"line":11,"column":21},"end":{"line":11,"column":62}},{"start":{"line":11,"column":66},"end":{"line":11,"column":75}}]},"2":{"loc":{"start":{"line":12,"column":23},"end":{"line":12,"column":76}},"type":"binary-expr","locations":[{"start":{"line":12,"column":23},"end":{"line":12,"column":63}},{"start":{"line":12,"column":67},"end":{"line":12,"column":76}}]},"3":{"loc":{"start":{"line":13,"column":16},"end":{"line":13,"column":61}},"type":"binary-expr","locations":[{"start":{"line":13,"column":16},"end":{"line":13,"column":55}},{"start":{"line":13,"column":59},"end":{"line":13,"column":61}}]},"4":{"loc":{"start":{"line":14,"column":21},"end":{"line":14,"column":71}},"type":"binary-expr","locations":[{"start":{"line":14,"column":21},"end":{"line":14,"column":65}},{"start":{"line":14,"column":69},"end":{"line":14,"column":71}}]}},"s":{"0":1,"1":1,"2":1,"3":0,"4":0,"5":0,"6":0,"7":0,"8":0,"9":0,"10":0,"11":0,"12":0,"13":0,"14":0,"15":0,"16":0,"17":1,"18":0,"19":0,"20":0,"21":0},"f":{"0":1,"1":0,"2":0,"3":0},"b":{"0":[0,0],"1":[0,0],"2":[0,0],"3":[0,0],"4":[0,0]}}
}
