{"C:\\Users\\Lyndz\\Downloads\\My GitHub CareTaker\\caretaker-js\\server\\src\\logger.ts": {"path":"C:\\Users\\Lyndz\\Downloads\\My GitHub CareTaker\\caretaker-js\\server\\src\\logger.ts","statementMap":{"0":{"start":{"line":1,"column":0},"end":{"line":1,"column":23}},"1":{"start":{"line":2,"column":13},"end":{"line":2,"column":null}}},"fnMap":{},"branchMap":{"0":{"loc":{"start":{"line":2,"column":36},"end":{"line":2,"column":67}},"type":"binary-expr","locations":[{"start":{"line":2,"column":36},"end":{"line":2,"column":57}},{"start":{"line":2,"column":61},"end":{"line":2,"column":67}}]}},"s":{"0":1,"1":1},"f":{},"b":{"0":[1,1]}}
,"C:\\Users\\Lyndz\\Downloads\\My GitHub CareTaker\\caretaker-js\\server\\src\\middleware\\signature.ts": {"path":"C:\\Users\\Lyndz\\Downloads\\My GitHub CareTaker\\caretaker-js\\server\\src\\middleware\\signature.ts","statementMap":{"0":{"start":{"line":6,"column":0},"end":{"line":6,"column":16}},"1":{"start":{"line":10,"column":0},"end":{"line":10,"column":16}},"2":{"start":{"line":41,"column":0},"end":{"line":41,"column":7}},"3":{"start":{"line":1,"column":0},"end":{"line":1,"column":27}},"4":{"start":{"line":4,"column":0},"end":{"line":4,"column":34}},"5":{"start":{"line":7,"column":2},"end":{"line":7,"column":null}},"6":{"start":{"line":7,"column":54},"end":{"line":7,"column":72}},"7":{"start":{"line":11,"column":2},"end":{"line":38,"column":null}},"8":{"start":{"line":12,"column":4},"end":{"line":37,"column":5}},"9":{"start":{"line":13,"column":18},"end":{"line":13,"column":62}},"10":{"start":{"line":14,"column":6},"end":{"line":17,"column":7}},"11":{"start":{"line":15,"column":8},"end":{"line":15,"column":null}},"12":{"start":{"line":16,"column":8},"end":{"line":16,"column":null}},"13":{"start":{"line":18,"column":19},"end":{"line":18,"column":44}},"14":{"start":{"line":19,"column":22},"end":{"line":19,"column":66}},"15":{"start":{"line":20,"column":16},"end":{"line":20,"column":21}},"16":{"start":{"line":21,"column":6},"end":{"line":24,"column":7}},"17":{"start":{"line":22,"column":21},"end":{"line":22,"column":104}},"18":{"start":{"line":23,"column":8},"end":{"line":23,"column":93}},"19":{"start":{"line":23,"column":74},"end":{"line":23,"column":85}},"20":{"start":{"line":23,"column":86},"end":{"line":23,"column":91}},"21":{"start":{"line":25,"column":6},"end":{"line":28,"column":7}},"22":{"start":{"line":26,"column":8},"end":{"line":26,"column":null}},"23":{"start":{"line":27,"column":8},"end":{"line":27,"column":null}},"24":{"start":{"line":29,"column":24},"end":{"line":29,"column":40}},"25":{"start":{"line":30,"column":21},"end":{"line":30,"column":47}},"26":{"start":{"line":31,"column":6},"end":{"line":31,"column":133}},"27":{"start":{"line":31,"column":18},"end":{"line":31,"column":82}},"28":{"start":{"line":31,"column":83},"end":{"line":31,"column":132}},"29":{"start":{"line":32,"column":6},"end":{"line":32,"column":null}},"30":{"start":{"line":33,"column":6},"end":{"line":33,"column":null}},"31":{"start":{"line":35,"column":6},"end":{"line":35,"column":null}},"32":{"start":{"line":36,"column":6},"end":{"line":36,"column":null}},"33":{"start":{"line":42,"column":2},"end":{"line":42,"column":null}},"34":{"start":{"line":43,"column":14},"end":{"line":43,"column":49}},"35":{"start":{"line":44,"column":2},"end":{"line":44,"column":59}},"36":{"start":{"line":44,"column":14},"end":{"line":44,"column":58}},"37":{"start":{"line":45,"column":2},"end":{"line":45,"column":null}}},"fnMap":{"0":{"name":"rawBodyCapture","decl":{"start":{"line":6,"column":16},"end":{"line":6,"column":30}},"loc":{"start":{"line":6,"column":30},"end":{"line":8,"column":1}}},"1":{"name":"(anonymous_2)","decl":{"start":{"line":7,"column":9},"end":{"line":7,"column":10}},"loc":{"start":{"line":7,"column":51},"end":{"line":7,"column":73}}},"2":{"name":"verifySignature","decl":{"start":{"line":10,"column":16},"end":{"line":10,"column":31}},"loc":{"start":{"line":10,"column":44},"end":{"line":39,"column":1}}},"3":{"name":"(anonymous_4)","decl":{"start":{"line":11,"column":9},"end":{"line":11,"column":14}},"loc":{"start":{"line":11,"column":63},"end":{"line":38,"column":3}}},"4":{"name":"rotateSecret","decl":{"start":{"line":41,"column":22},"end":{"line":41,"column":34}},"loc":{"start":{"line":41,"column":66},"end":{"line":46,"column":1}}}},"branchMap":{"0":{"loc":{"start":{"line":14,"column":6},"end":{"line":17,"column":7}},"type":"if","locations":[{"start":{"line":14,"column":6},"end":{"line":17,"column":7}}]},"1":{"loc":{"start":{"line":14,"column":9},"end":{"line":14,"column":43}},"type":"binary-expr","locations":[{"start":{"line":14,"column":9},"end":{"line":14,"column":13}},{"start":{"line":14,"column":17},"end":{"line":14,"column":43}}]},"2":{"loc":{"start":{"line":22,"column":59},"end":{"line":22,"column":89}},"type":"binary-expr","locations":[{"start":{"line":22,"column":59},"end":{"line":22,"column":70}},{"start":{"line":22,"column":74},"end":{"line":22,"column":89}}]},"3":{"loc":{"start":{"line":23,"column":8},"end":{"line":23,"column":93}},"type":"if","locations":[{"start":{"line":23,"column":8},"end":{"line":23,"column":93}}]},"4":{"loc":{"start":{"line":25,"column":6},"end":{"line":28,"column":7}},"type":"if","locations":[{"start":{"line":25,"column":6},"end":{"line":28,"column":7}}]},"5":{"loc":{"start":{"line":26,"column":95},"end":{"line":26,"column":110}},"type":"binary-expr","locations":[{"start":{"line":26,"column":95},"end":{"line":26,"column":106}},{"start":{"line":26,"column":108},"end":{"line":26,"column":110}}]},"6":{"loc":{"start":{"line":31,"column":6},"end":{"line":31,"column":133}},"type":"if","locations":[{"start":{"line":31,"column":6},"end":{"line":31,"column":133}}]},"7":{"loc":{"start":{"line":44,"column":2},"end":{"line":44,"column":59}},"type":"if","locations":[{"start":{"line":44,"column":2},"end":{"line":44,"column":59}}]}},"s":{"0":1,"1":1,"2":1,"3":1,"4":1,"5":0,"6":0,"7":4,"8":4,"9":4,"10":4,"11":0,"12":0,"13":4,"14":4,"15":4,"16":4,"17":5,"18":5,"19":3,"20":3,"21":4,"22":1,"23":1,"24":3,"25":3,"26":3,"27":2,"28":2,"29":1,"30":1,"31":0,"32":0,"33":0,"34":0,"35":0,"36":0,"37":0},"f":{"0":0,"1":0,"2":4,"3":4,"4":0},"b":{"0":[0],"1":[4,4],"2":[5,0],"3":[3],"4":[1],"5":[1,0],"6":[2],"7":[0]}}
,"C:\\Users\\Lyndz\\Downloads\\My GitHub CareTaker\\caretaker-js\\server\\src\\plugins\\duplicates.ts": {"path":"C:\\Users\\Lyndz\\Downloads\\My GitHub CareTaker\\caretaker-js\\server\\src\\plugins\\duplicates.ts","statementMap":{"0":{"start":{"line":14,"column":0},"end":{"line":14,"column":7}},"1":{"start":{"line":4,"column":25},"end":{"line":4,"column":79}},"2":{"start":{"line":6,"column":11},"end":{"line":6,"column":18}},"3":{"start":{"line":6,"column":23},"end":{"line":6,"column":30}},"4":{"start":{"line":7,"column":12},"end":{"line":7,"column":13}},"5":{"start":{"line":8,"column":12},"end":{"line":8,"column":42}},"6":{"start":{"line":9,"column":2},"end":{"line":9,"column":null}},"7":{"start":{"line":9,"column":14},"end":{"line":9,"column":null}},"8":{"start":{"line":10,"column":2},"end":{"line":10,"column":80}},"9":{"start":{"line":10,"column":12},"end":{"line":10,"column":13}},"10":{"start":{"line":10,"column":53},"end":{"line":10,"column":79}},"11":{"start":{"line":10,"column":71},"end":{"line":10,"column":79}},"12":{"start":{"line":11,"column":2},"end":{"line":11,"column":null}},"13":{"start":{"line":15,"column":19},"end":{"line":15,"column":37}},"14":{"start":{"line":16,"column":17},"end":{"line":16,"column":42}},"15":{"start":{"line":17,"column":2},"end":{"line":17,"column":null}},"16":{"start":{"line":17,"column":13},"end":{"line":17,"column":null}},"17":{"start":{"line":18,"column":16},"end":{"line":18,"column":46}},"18":{"start":{"line":19,"column":20},"end":{"line":19,"column":22}},"19":{"start":{"line":20,"column":2},"end":{"line":30,"column":3}},"20":{"start":{"line":20,"column":12},"end":{"line":20,"column":13}},"21":{"start":{"line":21,"column":4},"end":{"line":29,"column":5}},"22":{"start":{"line":21,"column":14},"end":{"line":21,"column":17}},"23":{"start":{"line":22,"column":14},"end":{"line":22,"column":22}},"24":{"start":{"line":22,"column":26},"end":{"line":22,"column":34}},"25":{"start":{"line":23,"column":22},"end":{"line":23,"column":40}},"26":{"start":{"line":24,"column":22},"end":{"line":24,"column":63}},"27":{"start":{"line":25,"column":25},"end":{"line":25,"column":112}},"28":{"start":{"line":26,"column":28},"end":{"line":26,"column":49}},"29":{"start":{"line":27,"column":20},"end":{"line":27,"column":61}},"30":{"start":{"line":28,"column":6},"end":{"line":28,"column":64}},"31":{"start":{"line":28,"column":21},"end":{"line":28,"column":63}},"32":{"start":{"line":31,"column":2},"end":{"line":31,"column":null}},"33":{"start":{"line":32,"column":2},"end":{"line":32,"column":null}}},"fnMap":{"0":{"name":"norm","decl":{"start":{"line":4,"column":9},"end":{"line":4,"column":13}},"loc":{"start":{"line":4,"column":22},"end":{"line":4,"column":80}}},"1":{"name":"sim","decl":{"start":{"line":5,"column":9},"end":{"line":5,"column":12}},"loc":{"start":{"line":5,"column":30},"end":{"line":12,"column":1}}},"2":{"name":"findDuplicates","decl":{"start":{"line":14,"column":22},"end":{"line":14,"column":36}},"loc":{"start":{"line":14,"column":76},"end":{"line":33,"column":1}}}},"branchMap":{"0":{"loc":{"start":{"line":4,"column":33},"end":{"line":4,"column":38}},"type":"binary-expr","locations":[{"start":{"line":4,"column":33},"end":{"line":4,"column":34}},{"start":{"line":4,"column":36},"end":{"line":4,"column":38}}]},"1":{"loc":{"start":{"line":9,"column":2},"end":{"line":9,"column":null}},"type":"if","locations":[{"start":{"line":9,"column":2},"end":{"line":9,"column":null}}]},"2":{"loc":{"start":{"line":10,"column":53},"end":{"line":10,"column":79}},"type":"if","locations":[{"start":{"line":10,"column":53},"end":{"line":10,"column":79}}]},"3":{"loc":{"start":{"line":17,"column":2},"end":{"line":17,"column":null}},"type":"if","locations":[{"start":{"line":17,"column":2},"end":{"line":17,"column":null}}]},"4":{"loc":{"start":{"line":24,"column":26},"end":{"line":24,"column":43}},"type":"binary-expr","locations":[{"start":{"line":24,"column":26},"end":{"line":24,"column":39}},{"start":{"line":24,"column":41},"end":{"line":24,"column":43}}]},"5":{"loc":{"start":{"line":24,"column":45},"end":{"line":24,"column":62}},"type":"binary-expr","locations":[{"start":{"line":24,"column":45},"end":{"line":24,"column":58}},{"start":{"line":24,"column":60},"end":{"line":24,"column":62}}]},"6":{"loc":{"start":{"line":26,"column":28},"end":{"line":26,"column":49}},"type":"cond-expr","locations":[{"start":{"line":26,"column":44},"end":{"line":26,"column":47}},{"start":{"line":26,"column":48},"end":{"line":26,"column":49}}]},"7":{"loc":{"start":{"line":28,"column":6},"end":{"line":28,"column":64}},"type":"if","locations":[{"start":{"line":28,"column":6},"end":{"line":28,"column":64}}]}},"s":{"0":1,"1":4,"2":2,"3":2,"4":2,"5":2,"6":2,"7":1,"8":1,"9":1,"10":7,"11":7,"12":1,"13":1,"14":1,"15":1,"16":0,"17":1,"18":1,"19":1,"20":1,"21":2,"22":2,"23":1,"24":1,"25":1,"26":1,"27":1,"28":1,"29":1,"30":1,"31":1,"32":1,"33":1},"f":{"0":4,"1":2,"2":1},"b":{"0":[4,2],"1":[1],"2":[7],"3":[0],"4":[1,1],"5":[1,1],"6":[1,0],"7":[1]}}
,"C:\\Users\\Lyndz\\Downloads\\My GitHub CareTaker\\caretaker-js\\server\\src\\plugins\\pins.ts": {"path":"C:\\Users\\Lyndz\\Downloads\\My GitHub CareTaker\\caretaker-js\\server\\src\\plugins\\pins.ts","statementMap":{"0":{"start":{"line":6,"column":0},"end":{"line":6,"column":7}},"1":{"start":{"line":7,"column":19},"end":{"line":7,"column":37}},"2":{"start":{"line":8,"column":17},"end":{"line":8,"column":42}},"3":{"start":{"line":9,"column":2},"end":{"line":9,"column":null}},"4":{"start":{"line":9,"column":13},"end":{"line":9,"column":null}},"5":{"start":{"line":10,"column":23},"end":{"line":10,"column":53}},"6":{"start":{"line":11,"column":14},"end":{"line":11,"column":24}},"7":{"start":{"line":12,"column":17},"end":{"line":21,"column":4}},"8":{"start":{"line":13,"column":20},"end":{"line":13,"column":65}},"9":{"start":{"line":14,"column":17},"end":{"line":14,"column":63}},"10":{"start":{"line":15,"column":20},"end":{"line":15,"column":29}},"11":{"start":{"line":16,"column":18},"end":{"line":16,"column":55}},"12":{"start":{"line":17,"column":18},"end":{"line":17,"column":50}},"13":{"start":{"line":18,"column":22},"end":{"line":18,"column":86}},"14":{"start":{"line":19,"column":18},"end":{"line":19,"column":53}},"15":{"start":{"line":20,"column":4},"end":{"line":20,"column":null}},"16":{"start":{"line":22,"column":14},"end":{"line":22,"column":63}},"17":{"start":{"line":22,"column":34},"end":{"line":22,"column":51}},"18":{"start":{"line":23,"column":2},"end":{"line":23,"column":null}},"19":{"start":{"line":24,"column":2},"end":{"line":24,"column":null}}},"fnMap":{"0":{"name":"recommendPins","decl":{"start":{"line":6,"column":22},"end":{"line":6,"column":35}},"loc":{"start":{"line":6,"column":75},"end":{"line":25,"column":1}}},"1":{"name":"(anonymous_1)","decl":{"start":{"line":12,"column":27},"end":{"line":12,"column":28}},"loc":{"start":{"line":12,"column":30},"end":{"line":21,"column":3}}},"2":{"name":"(anonymous_2)","decl":{"start":{"line":22,"column":26},"end":{"line":22,"column":27}},"loc":{"start":{"line":22,"column":34},"end":{"line":22,"column":51}}}},"branchMap":{"0":{"loc":{"start":{"line":9,"column":2},"end":{"line":9,"column":null}},"type":"if","locations":[{"start":{"line":9,"column":2},"end":{"line":9,"column":null}}]},"1":{"loc":{"start":{"line":13,"column":29},"end":{"line":13,"column":54}},"type":"binary-expr","locations":[{"start":{"line":13,"column":29},"end":{"line":13,"column":39}},{"start":{"line":13,"column":43},"end":{"line":13,"column":54}}]},"2":{"loc":{"start":{"line":18,"column":22},"end":{"line":18,"column":86}},"type":"cond-expr","locations":[{"start":{"line":18,"column":82},"end":{"line":18,"column":84}},{"start":{"line":18,"column":85},"end":{"line":18,"column":86}}]},"3":{"loc":{"start":{"line":18,"column":61},"end":{"line":18,"column":78}},"type":"binary-expr","locations":[{"start":{"line":18,"column":61},"end":{"line":18,"column":74}},{"start":{"line":18,"column":76},"end":{"line":18,"column":78}}]}},"s":{"0":1,"1":1,"2":1,"3":1,"4":0,"5":1,"6":1,"7":1,"8":10,"9":10,"10":10,"11":10,"12":10,"13":10,"14":10,"15":10,"16":1,"17":9,"18":1,"19":1},"f":{"0":1,"1":10,"2":9},"b":{"0":[0],"1":[10,0],"2":[10,0],"3":[10,0]}}
}
