TN:
SF:src\agents.ts
FN:9,agentRoutes
FN:10,(anonymous_2)
FN:18,(anonymous_3)
FN:26,popQueue
FN:32,(anonymous_5)
FN:37,(anonymous_6)
FN:46,(anonymous_7)
FNF:7
FNH:1
FNDA:1,agentRoutes
FNDA:0,(anonymous_2)
FNDA:0,(anonymous_3)
FNDA:0,popQueue
FNDA:0,(anonymous_5)
FNDA:0,(anonymous_6)
FNDA:0,(anonymous_7)
DA:3,1
DA:4,1
DA:5,1
DA:7,1
DA:9,1
DA:10,1
DA:11,0
DA:12,0
DA:13,0
DA:14,0
DA:15,0
DA:18,1
DA:19,0
DA:20,0
DA:21,0
DA:22,0
DA:25,1
DA:27,0
DA:28,0
DA:29,0
DA:30,0
DA:32,1
DA:33,0
DA:34,0
DA:35,0
DA:36,0
DA:37,0
DA:38,0
DA:39,0
DA:40,0
DA:41,0
DA:43,0
DA:46,1
DA:47,0
DA:48,0
LF:35
LH:10
BRDA:12,0,0,0
BRDA:12,1,0,0
BRDA:12,1,1,0
BRDA:14,2,0,0
BRDA:14,2,1,0
BRDA:20,3,0,0
BRDA:20,3,1,0
BRDA:29,4,0,0
BRDA:34,5,0,0
BRDA:38,6,0,0
BRDA:38,6,1,0
BRDA:40,7,0,0
BRDA:48,8,0,0
BRF:13
BRH:0
end_of_record
TN:
SF:src\index.ts
FN:22,(anonymous_1)
FN:27,(anonymous_2)
FN:32,(anonymous_3)
FN:37,(anonymous_4)
FN:43,(anonymous_5)
FN:55,(anonymous_6)
FNF:6
FNH:5
FNDA:1,(anonymous_1)
FNDA:1,(anonymous_2)
FNDA:1,(anonymous_3)
FNDA:1,(anonymous_4)
FNDA:2,(anonymous_5)
FNDA:0,(anonymous_6)
DA:1,1
DA:2,1
DA:3,1
DA:4,1
DA:5,1
DA:6,1
DA:7,1
DA:8,1
DA:9,1
DA:10,1
DA:11,1
DA:12,1
DA:13,1
DA:15,1
DA:16,1
DA:17,1
DA:19,1
DA:20,1
DA:22,1
DA:23,1
DA:24,0
DA:27,1
DA:28,1
DA:29,1
DA:32,1
DA:33,1
DA:34,1
DA:37,1
DA:38,1
DA:39,1
DA:40,1
DA:43,1
DA:44,2
DA:45,2
DA:46,1
DA:47,1
DA:49,1
DA:50,1
DA:52,1
DA:54,1
DA:55,0
LF:41
LH:39
BRDA:45,0,0,1
BRDA:54,1,0,0
BRF:2
BRH:1
end_of_record
TN:
SF:src\logger.ts
FNF:0
FNH:0
DA:1,2
DA:2,2
LF:2
LH:2
BRDA:2,0,0,2
BRDA:2,0,1,2
BRF:2
BRH:2
end_of_record
TN:
SF:src\middleware\signature.ts
FN:6,rawBodyCapture
FN:7,(anonymous_2)
FN:10,verifySignature
FN:11,(anonymous_4)
FN:41,rotateSecret
FNF:5
FNH:5
FNDA:1,rawBodyCapture
FNDA:2,(anonymous_2)
FNDA:5,verifySignature
FNDA:4,(anonymous_4)
FNDA:1,rotateSecret
DA:1,2
DA:4,2
DA:6,2
DA:7,2
DA:10,2
DA:11,5
DA:12,4
DA:13,4
DA:14,4
DA:15,0
DA:16,0
DA:18,4
DA:19,4
DA:20,4
DA:21,4
DA:22,5
DA:23,5
DA:25,4
DA:26,1
DA:27,1
DA:29,3
DA:30,3
DA:31,3
DA:32,1
DA:33,1
DA:35,0
DA:36,0
DA:41,2
DA:42,1
DA:43,1
DA:44,1
DA:45,1
LF:32
LH:28
BRDA:14,0,0,0
BRDA:14,1,0,4
BRDA:14,1,1,4
BRDA:22,2,0,5
BRDA:22,2,1,0
BRDA:23,3,0,3
BRDA:25,4,0,1
BRDA:26,5,0,1
BRDA:26,5,1,0
BRDA:31,6,0,2
BRDA:44,7,0,0
BRF:11
BRH:7
end_of_record
TN:
SF:src\plugins\content_similarity.ts
FN:4,tokenize
FN:5,jaccard
FN:5,(anonymous_3)
FN:7,contentSimilarity
FN:10,sample
FN:13,(anonymous_6)
FN:14,(anonymous_7)
FNF:7
FNH:4
FNDA:2,tokenize
FNDA:1,jaccard
FNDA:0,(anonymous_3)
FNDA:1,contentSimilarity
FNDA:2,sample
FNDA:0,(anonymous_6)
FNDA:0,(anonymous_7)
DA:2,1
DA:4,2
DA:5,1
DA:7,1
DA:8,1
DA:9,1
DA:11,2
DA:12,2
DA:13,2
DA:14,2
DA:15,2
DA:16,2
DA:17,0
DA:18,0
DA:19,0
DA:21,2
DA:23,1
DA:24,1
DA:25,1
DA:26,1
DA:27,1
DA:28,1
LF:22
LH:19
BRDA:4,0,0,2
BRDA:4,0,1,2
BRDA:5,1,0,0
BRDA:5,1,1,1
BRDA:7,2,0,0
BRDA:9,3,0,0
BRDA:13,4,0,2
BRDA:13,4,1,2
BRDA:13,5,0,0
BRDA:13,5,1,0
BRDA:19,6,0,0
BRDA:19,7,0,0
BRDA:19,7,1,0
BRF:13
BRH:5
end_of_record
TN:
SF:src\plugins\duplicates.ts
FN:4,norm
FN:5,sim
FN:14,findDuplicates
FNF:3
FNH:3
FNDA:8,norm
FNDA:4,sim
FNDA:2,findDuplicates
DA:4,8
DA:6,4
DA:7,4
DA:8,4
DA:9,4
DA:10,20
DA:11,3
DA:14,2
DA:15,2
DA:16,2
DA:17,2
DA:18,2
DA:19,2
DA:20,2
DA:21,4
DA:22,2
DA:23,2
DA:24,2
DA:25,2
DA:26,2
DA:27,2
DA:28,2
DA:31,2
DA:32,2
LF:24
LH:24
BRDA:4,0,0,8
BRDA:4,0,1,2
BRDA:9,1,0,1
BRDA:10,2,0,19
BRDA:17,3,0,0
BRDA:24,4,0,2
BRDA:24,4,1,1
BRDA:24,5,0,2
BRDA:24,5,1,1
BRDA:26,6,0,2
BRDA:26,6,1,0
BRDA:28,7,0,2
BRF:12
BRH:10
end_of_record
TN:
SF:src\plugins\pins.ts
FN:6,recommendPins
FN:12,(anonymous_1)
FN:22,(anonymous_2)
FNF:3
FNH:3
FNDA:2,recommendPins
FNDA:12,(anonymous_1)
FNDA:10,(anonymous_2)
DA:6,2
DA:7,2
DA:8,2
DA:9,2
DA:10,2
DA:11,2
DA:12,2
DA:13,12
DA:14,12
DA:15,12
DA:16,12
DA:17,12
DA:18,12
DA:19,12
DA:20,12
DA:22,10
DA:23,2
DA:24,2
LF:18
LH:18
BRDA:9,0,0,0
BRDA:13,1,0,12
BRDA:13,1,1,0
BRDA:18,2,0,10
BRDA:18,2,1,2
BRDA:18,3,0,12
BRDA:18,3,1,0
BRF:7
BRH:4
end_of_record
TN:
SF:src\plugins\security.ts
FN:6,securityRoutes
FN:7,(anonymous_1)
FN:23,(anonymous_2)
FN:25,(anonymous_3)
FNF:4
FNH:1
FNDA:1,securityRoutes
FNDA:0,(anonymous_1)
FNDA:0,(anonymous_2)
FNDA:0,(anonymous_3)
DA:3,1
DA:6,1
DA:7,1
DA:8,0
DA:9,0
DA:10,0
DA:11,0
DA:12,0
DA:13,0
DA:14,0
DA:15,0
DA:16,0
DA:17,0
DA:18,0
DA:19,0
DA:20,0
DA:21,0
DA:23,1
DA:24,0
DA:25,0
DA:26,0
LF:21
LH:4
BRDA:9,0,0,0
BRDA:9,0,1,0
BRDA:11,1,0,0
BRDA:11,1,1,0
BRDA:12,2,0,0
BRDA:12,2,1,0
BRDA:13,3,0,0
BRDA:13,3,1,0
BRDA:14,4,0,0
BRDA:14,4,1,0
BRF:10
BRH:0
end_of_record
