TN:
SF:src\logger.ts
FNF:0
FNH:0
DA:1,1
DA:2,1
LF:2
LH:2
BRDA:2,0,0,1
BRDA:2,0,1,1
BRF:2
BRH:2
end_of_record
TN:
SF:src\middleware\signature.ts
FN:6,rawBodyCapture
FN:7,(anonymous_2)
FN:10,verifySignature
FN:11,(anonymous_4)
FN:41,rotateSecret
FNF:5
FNH:2
FNDA:0,rawBodyCapture
FNDA:0,(anonymous_2)
FNDA:4,verifySignature
FNDA:4,(anonymous_4)
FNDA:0,rotateSecret
DA:1,1
DA:4,1
DA:6,1
DA:7,0
DA:10,1
DA:11,4
DA:12,4
DA:13,4
DA:14,4
DA:15,0
DA:16,0
DA:18,4
DA:19,4
DA:20,4
DA:21,4
DA:22,5
DA:23,5
DA:25,4
DA:26,1
DA:27,1
DA:29,3
DA:30,3
DA:31,3
DA:32,1
DA:33,1
DA:35,0
DA:36,0
DA:41,1
DA:42,0
DA:43,0
DA:44,0
DA:45,0
LF:32
LH:23
BRDA:14,0,0,0
BRDA:14,1,0,4
BRDA:14,1,1,4
BRDA:22,2,0,5
BRDA:22,2,1,0
BRDA:23,3,0,3
BRDA:25,4,0,1
BRDA:26,5,0,1
BRDA:26,5,1,0
BRDA:31,6,0,2
BRDA:44,7,0,0
BRF:11
BRH:7
end_of_record
TN:
SF:src\plugins\duplicates.ts
FN:4,norm
FN:5,sim
FN:14,findDuplicates
FNF:3
FNH:3
FNDA:4,norm
FNDA:2,sim
FNDA:1,findDuplicates
DA:4,4
DA:6,2
DA:7,2
DA:8,2
DA:9,2
DA:10,7
DA:11,1
DA:14,1
DA:15,1
DA:16,1
DA:17,1
DA:18,1
DA:19,1
DA:20,1
DA:21,2
DA:22,1
DA:23,1
DA:24,1
DA:25,1
DA:26,1
DA:27,1
DA:28,1
DA:31,1
DA:32,1
LF:24
LH:24
BRDA:4,0,0,4
BRDA:4,0,1,2
BRDA:9,1,0,1
BRDA:10,2,0,7
BRDA:17,3,0,0
BRDA:24,4,0,1
BRDA:24,4,1,1
BRDA:24,5,0,1
BRDA:24,5,1,1
BRDA:26,6,0,1
BRDA:26,6,1,0
BRDA:28,7,0,1
BRF:12
BRH:10
end_of_record
TN:
SF:src\plugins\pins.ts
FN:6,recommendPins
FN:12,(anonymous_1)
FN:22,(anonymous_2)
FNF:3
FNH:3
FNDA:1,recommendPins
FNDA:10,(anonymous_1)
FNDA:9,(anonymous_2)
DA:6,1
DA:7,1
DA:8,1
DA:9,1
DA:10,1
DA:11,1
DA:12,1
DA:13,10
DA:14,10
DA:15,10
DA:16,10
DA:17,10
DA:18,10
DA:19,10
DA:20,10
DA:22,9
DA:23,1
DA:24,1
LF:18
LH:18
BRDA:9,0,0,0
BRDA:13,1,0,10
BRDA:13,1,1,0
BRDA:18,2,0,10
BRDA:18,2,1,0
BRDA:18,3,0,10
BRDA:18,3,1,0
BRF:7
BRH:3
end_of_record
